Build started 2021/5/13 10:59:37.
     1>Project "D:\tishi\bitstream\bitstream\bitstream.vcxproj" on node 2 (Build target(s)).
     1>ClCompile:
         C:\Program Files (x86)\Microsoft Visual Studio 12.0\VC\bin\CL.exe /c /ZI /nologo /W3 /WX- /sdl /Od /Oy- /D WIN32 /D _DEBUG /D _CONSOLE /D _LIB /D _UNICODE /D UNICODE /Gm /EHsc /RTC1 /MDd /GS /fp:precise /Zc:wchar_t /Zc:forScope /Yu"stdafx.h" /Fp"Debug\bitstream.pch" /Fo"Debug\\" /Fd"Debug\vc120.pdb" /Gd /TP /analyze- /errorReport:prompt bitstream.cpp cavlc.cpp
         cavlc.cpp
         bitstream.cpp
     1>d:\tishi\bitstream\bitstream\bitstream.cpp(287): warning C4018: '<' : signed/unsigned mismatch
     1>d:\tishi\bitstream\bitstream\bitstream.cpp(401): warning C4018: '<' : signed/unsigned mismatch
         Generating Code...
       Link:
         C:\Program Files (x86)\Microsoft Visual Studio 12.0\VC\bin\link.exe /ERRORREPORT:PROMPT /OUT:"D:\tishi\bitstream\Debug\bitstream.exe" /INCREMENTAL /NOLOGO kernel32.lib user32.lib gdi32.lib winspool.lib comdlg32.lib advapi32.lib shell32.lib ole32.lib oleaut32.lib uuid.lib odbc32.lib odbccp32.lib /MANIFEST /MANIFESTUAC:"level='asInvoker' uiAccess='false'" /manifest:embed /DEBUG /PDB:"D:\tishi\bitstream\Debug\bitstream.pdb" /SUBSYSTEM:CONSOLE /TLBID:1 /DYNAMICBASE /NXCOMPAT /IMPLIB:"D:\tishi\bitstream\Debug\bitstream.lib" /MACHINE:X86 Debug\bitstream.obj
         Debug\cavlc.obj
         Debug\loopfilter.obj
         Debug\memalloc.obj
         Debug\parset.obj
         Debug\pred.obj
         Debug\stdafx.obj
         Debug\transform.obj
         bitstream.vcxproj -> D:\tishi\bitstream\Debug\bitstream.exe
     1>Done Building Project "D:\tishi\bitstream\bitstream\bitstream.vcxproj" (Build target(s)).

Build succeeded.

Time Elapsed 00:00:04.19
